<?xml version="1.0" encoding="UTF-8"?>
<testng-results ignored="0" total="1" passed="1" failed="0" skipped="0">
  <reporter-output>
  </reporter-output>
  <suite started-at="2025-11-29T10:47:52 IST" name="Default suite" finished-at="2025-11-29T10:48:01 IST" duration-ms="8920">
    <groups>
    </groups>
    <test started-at="2025-11-29T10:47:52 IST" name="Default test" finished-at="2025-11-29T10:48:01 IST" duration-ms="8920">
      <class name="com.pgl.tests.LoginTestWithoutFindBy">
        <test-method signature="login()[pri:0, instance:com.pgl.tests.LoginTestWithoutFindBy@6302bbb1]" started-at="2025-11-29T10:47:52 IST" name="login" finished-at="2025-11-29T10:48:01 IST" duration-ms="8861" status="PASS">
          <reporter-output>
          </reporter-output>
        </test-method> <!-- login -->
      </class> <!-- com.pgl.tests.LoginTestWithoutFindBy -->
    </test> <!-- Default test -->
  </suite> <!-- Default suite -->
</testng-results>
